<?xml version="1.0" encoding="UTF-8" ?>
<testsuite tests="3" failures="0" name="com.sap.it.cap.car.handlers.CarServiceHandlerTest" time="0.005" errors="0" skipped="0">
  <properties>
[...]
</properties>
  <testcase classname="com.sap.it.cap.car.handlers.CarServiceHandlerTest" name="testNoDiscount" time="0.005"/>
  <testcase classname="com.sap.it.cap.car.handlers.CarServiceHandlerTest" name="testDiscount" time="0"/>
  <testcase classname="com.sap.it.cap.car.handlers.CarServiceHandlerTest" name="testNoStockAvailable" time="0"/>
</testsuite>